# JRE version: OpenJDK Runtime Environment (7.0_151-b01) (build 1.7.0_151-b01)
# Java VM: OpenJDK 64-Bit Server VM (24.151-b01 mixed mode linux-amd64 compressed oops)
Heap
 PSYoungGen      total 32256K, used 1896K [0x00000000eba00000, 0x00000000edd00000, 0x0000000100000000)
  eden space 28672K, 0% used [0x00000000eba00000,0x00000000eba00000,0x00000000ed600000)
  from space 3584K, 52% used [0x00000000ed600000,0x00000000ed7da020,0x00000000ed980000)
  to   space 3584K, 0% used [0x00000000ed980000,0x00000000ed980000,0x00000000edd00000)
 ParOldGen       total 23552K, used 13379K [0x00000000c2e00000, 0x00000000c4500000, 0x00000000eba00000)
  object space 23552K, 56% used [0x00000000c2e00000,0x00000000c3b10f98,0x00000000c4500000)
 PSPermGen       total 24576K, used 14452K [0x00000000b8800000, 0x00000000ba000000, 0x00000000c2e00000)
  object space 24576K, 58% used [0x00000000b8800000,0x00000000b961d280,0x00000000ba000000)
GC Heap History (10 events):
Event: 5779.101 GC heap after
Heap after GC invocations=10910 (full 8):
 PSYoungGen      total 23040K, used 1896K [0x00000000eba00000, 0x00000000ed400000, 0x0000000100000000)
  eden space 19456K, 0% used [0x00000000eba00000,0x00000000eba00000,0x00000000ecd00000)
  from space 3584K, 52% used [0x00000000ed080000,0x00000000ed25a020,0x00000000ed400000)
  to   space 3584K, 0% used [0x00000000ecd00000,0x00000000ecd00000,0x00000000ed080000)
 ParOldGen       total 23552K, used 13331K [0x00000000c2e00000, 0x00000000c4500000, 0x00000000eba00000)
  object space 23552K, 56% used [0x00000000c2e00000,0x00000000c3b04f98,0x00000000c4500000)
 PSPermGen       total 24576K, used 14452K [0x00000000b8800000, 0x00000000ba000000, 0x00000000c2e00000)
  object space 24576K, 58% used [0x00000000b8800000,0x00000000b961d280,0x00000000ba000000)
}
Event: 5841.265 GC heap before
{Heap before GC invocations=10911 (full 8):
 PSYoungGen      total 23040K, used 20834K [0x00000000eba00000, 0x00000000ed400000, 0x0000000100000000)
  eden space 19456K, 97% used [0x00000000eba00000,0x00000000ecc7e8d0,0x00000000ecd00000)
  from space 3584K, 52% used [0x00000000ed080000,0x00000000ed25a020,0x00000000ed400000)
  to   space 3584K, 0% used [0x00000000ecd00000,0x00000000ecd00000,0x00000000ed080000)
 ParOldGen       total 23552K, used 13331K [0x00000000c2e00000, 0x00000000c4500000, 0x00000000eba00000)
  object space 23552K, 56% used [0x00000000c2e00000,0x00000000c3b04f98,0x00000000c4500000)
 PSPermGen       total 24576K, used 14452K [0x00000000b8800000, 0x00000000ba000000, 0x00000000c2e00000)
  object space 24576K, 58% used [0x00000000b8800000,0x00000000b961d280,0x00000000ba000000)
Event: 5842.717 GC heap after
Heap after GC invocations=10911 (full 8):
 PSYoungGen      total 23040K, used 1896K [0x00000000eba00000, 0x00000000ed800000, 0x0000000100000000)
  eden space 19456K, 0% used [0x00000000eba00000,0x00000000eba00000,0x00000000ecd00000)
  from space 3584K, 52% used [0x00000000ecd00000,0x00000000eceda020,0x00000000ed080000)
  to   space 3584K, 0% used [0x00000000ed480000,0x00000000ed480000,0x00000000ed800000)
 ParOldGen       total 23552K, used 13339K [0x00000000c2e00000, 0x00000000c4500000, 0x00000000eba00000)
  object space 23552K, 56% used [0x00000000c2e00000,0x00000000c3b06f98,0x00000000c4500000)
 PSPermGen       total 24576K, used 14452K [0x00000000b8800000, 0x00000000ba000000, 0x00000000c2e00000)
  object space 24576K, 58% used [0x00000000b8800000,0x00000000b961d280,0x00000000ba000000)
}
Event: 5858.972 GC heap before
{Heap before GC invocations=10912 (full 8):
 PSYoungGen      total 23040K, used 20836K [0x00000000eba00000, 0x00000000ed800000, 0x0000000100000000)
  eden space 19456K, 97% used [0x00000000eba00000,0x00000000ecc7f258,0x00000000ecd00000)
  from space 3584K, 52% used [0x00000000ecd00000,0x00000000eceda020,0x00000000ed080000)
  to   space 3584K, 0% used [0x00000000ed480000,0x00000000ed480000,0x00000000ed800000)
 ParOldGen       total 23552K, used 13339K [0x00000000c2e00000, 0x00000000c4500000, 0x00000000eba00000)
  object space 23552K, 56% used [0x00000000c2e00000,0x00000000c3b06f98,0x00000000c4500000)
 PSPermGen       total 24576K, used 14452K [0x00000000b8800000, 0x00000000ba000000, 0x00000000c2e00000)
  object space 24576K, 58% used [0x00000000b8800000,0x00000000b961d280,0x00000000ba000000)
Event: 5859.564 GC heap after
Heap after GC invocations=10912 (full 8):
 PSYoungGen      total 27136K, used 1864K [0x00000000eba00000, 0x00000000ed800000, 0x0000000100000000)
  eden space 23552K, 0% used [0x00000000eba00000,0x00000000eba00000,0x00000000ed100000)
  from space 3584K, 52% used [0x00000000ed480000,0x00000000ed652020,0x00000000ed800000)
  to   space 3584K, 0% used [0x00000000ed100000,0x00000000ed100000,0x00000000ed480000)
 ParOldGen       total 23552K, used 13347K [0x00000000c2e00000, 0x00000000c4500000, 0x00000000eba00000)
  object space 23552K, 56% used [0x00000000c2e00000,0x00000000c3b08f98,0x00000000c4500000)
 PSPermGen       total 24576K, used 14452K [0x00000000b8800000, 0x00000000ba000000, 0x00000000c2e00000)
  object space 24576K, 58% used [0x00000000b8800000,0x00000000b961d280,0x00000000ba000000)
}
Event: 5894.798 GC heap before
{Heap before GC invocations=10913 (full 8):
 PSYoungGen      total 27136K, used 25009K [0x00000000eba00000, 0x00000000ed800000, 0x0000000100000000)
  eden space 23552K, 98% used [0x00000000eba00000,0x00000000ed09a4b0,0x00000000ed100000)
  from space 3584K, 52% used [0x00000000ed480000,0x00000000ed652020,0x00000000ed800000)
  to   space 3584K, 0% used [0x00000000ed100000,0x00000000ed100000,0x00000000ed480000)
 ParOldGen       total 23552K, used 13347K [0x00000000c2e00000, 0x00000000c4500000, 0x00000000eba00000)
  object space 23552K, 56% used [0x00000000c2e00000,0x00000000c3b08f98,0x00000000c4500000)
 PSPermGen       total 24576K, used 14452K [0x00000000b8800000, 0x00000000ba000000, 0x00000000c2e00000)
  object space 24576K, 58% used [0x00000000b8800000,0x00000000b961d280,0x00000000ba000000)
Event: 5897.595 GC heap after
Heap after GC invocations=10913 (full 8):
 PSYoungGen      total 27136K, used 1896K [0x00000000eba00000, 0x00000000edd00000, 0x0000000100000000)
  eden space 23552K, 0% used [0x00000000eba00000,0x00000000eba00000,0x00000000ed100000)
  from space 3584K, 52% used [0x00000000ed100000,0x00000000ed2da020,0x00000000ed480000)
  to   space 3584K, 0% used [0x00000000ed980000,0x00000000ed980000,0x00000000edd00000)
 ParOldGen       total 23552K, used 13355K [0x00000000c2e00000, 0x00000000c4500000, 0x00000000eba00000)
  object space 23552K, 56% used [0x00000000c2e00000,0x00000000c3b0af98,0x00000000c4500000)
 PSPermGen       total 24576K, used 14452K [0x00000000b8800000, 0x00000000ba000000, 0x00000000c2e00000)
  object space 24576K, 58% used [0x00000000b8800000,0x00000000b961d280,0x00000000ba000000)
}
Event: 5929.215 GC heap before
{Heap before GC invocations=10914 (full 8):
 PSYoungGen      total 27136K, used 25045K [0x00000000eba00000, 0x00000000edd00000, 0x0000000100000000)
  eden space 23552K, 98% used [0x00000000eba00000,0x00000000ed09b5c0,0x00000000ed100000)
  from space 3584K, 52% used [0x00000000ed100000,0x00000000ed2da020,0x00000000ed480000)
  to   space 3584K, 0% used [0x00000000ed980000,0x00000000ed980000,0x00000000edd00000)
 ParOldGen       total 23552K, used 13355K [0x00000000c2e00000, 0x00000000c4500000, 0x00000000eba00000)
  object space 23552K, 56% used [0x00000000c2e00000,0x00000000c3b0af98,0x00000000c4500000)
 PSPermGen       total 24576K, used 14452K [0x00000000b8800000, 0x00000000ba000000, 0x00000000c2e00000)
  object space 24576K, 58% used [0x00000000b8800000,0x00000000b961d280,0x00000000ba000000)
Event: 5932.867 GC heap after
Heap after GC invocations=10914 (full 8):
 PSYoungGen      total 32256K, used 1896K [0x00000000eba00000, 0x00000000edd00000, 0x0000000100000000)
  eden space 28672K, 0% used [0x00000000eba00000,0x00000000eba00000,0x00000000ed600000)
  from space 3584K, 52% used [0x00000000ed980000,0x00000000edb5a020,0x00000000edd00000)
  to   space 3584K, 0% used [0x00000000ed600000,0x00000000ed600000,0x00000000ed980000)
 ParOldGen       total 23552K, used 13363K [0x00000000c2e00000, 0x00000000c4500000, 0x00000000eba00000)
  object space 23552K, 56% used [0x00000000c2e00000,0x00000000c3b0cf98,0x00000000c4500000)
 PSPermGen       total 24576K, used 14452K [0x00000000b8800000, 0x00000000ba000000, 0x00000000c2e00000)
  object space 24576K, 58% used [0x00000000b8800000,0x00000000b961d280,0x00000000ba000000)
}
Event: 6064.745 GC heap before
{Heap before GC invocations=10915 (full 8):
 PSYoungGen      total 32256K, used 29853K [0x00000000eba00000, 0x00000000edd00000, 0x0000000100000000)
  eden space 28672K, 97% used [0x00000000eba00000,0x00000000ed54d448,0x00000000ed600000)
  from space 3584K, 52% used [0x00000000ed980000,0x00000000edb5a020,0x00000000edd00000)
  to   space 3584K, 0% used [0x00000000ed600000,0x00000000ed600000,0x00000000ed980000)
 ParOldGen       total 23552K, used 13363K [0x00000000c2e00000, 0x00000000c4500000, 0x00000000eba00000)
  object space 23552K, 56% used [0x00000000c2e00000,0x00000000c3b0cf98,0x00000000c4500000)
 PSPermGen       total 24576K, used 14452K [0x00000000b8800000, 0x00000000ba000000, 0x00000000c2e00000)
  object space 24576K, 58% used [0x00000000b8800000,0x00000000b961d280,0x00000000ba000000)

